2012/09/26 05:16:10 [error] [exception.CException] exception 'CException' with message 'CommentController cannot find the requested view "create".' in D:\phpnow\htdocs\dlfblog\framework\web\CController.php:879
Stack trace:
#0 D:\phpnow\htdocs\dlfblog\framework\web\CController.php(783): CController->renderPartial('create', Array, true)
#1 D:\phpnow\htdocs\dlfblog\protected\admin\controllers\CommentController.php(78): CController->render('create', Array)
#2 D:\phpnow\htdocs\dlfblog\framework\web\actions\CInlineAction.php(50): CommentController->actionCreate()
#3 D:\phpnow\htdocs\dlfblog\framework\web\CController.php(309): CInlineAction->runWithParams(Array)
#4 D:\phpnow\htdocs\dlfblog\framework\web\filters\CFilterChain.php(134): CController->runAction(Object(CInlineAction))
#5 D:\phpnow\htdocs\dlfblog\framework\web\filters\CFilter.php(41): CFilterChain->run()
#6 D:\phpnow\htdocs\dlfblog\framework\web\CController.php(1146): CFilter->filter(Object(CFilterChain))
#7 D:\phpnow\htdocs\dlfblog\framework\web\filters\CInlineFilter.php(59): CController->filterAccessControl(Object(CFilterChain))
#8 D:\phpnow\htdocs\dlfblog\framework\web\filters\CFilterChain.php(131): CInlineFilter->filter(Object(CFilterChain))
#9 D:\phpnow\htdocs\dlfblog\framework\web\CController.php(292): CFilterChain->run()
#10 D:\phpnow\htdocs\dlfblog\framework\web\CController.php(266): CController->runActionWithFilters(Object(CInlineAction), Array)
#11 D:\phpnow\htdocs\dlfblog\framework\web\CWebApplication.php(283): CController->run('create')
#12 D:\phpnow\htdocs\dlfblog\framework\web\CWebApplication.php(142): CWebApplication->runController('comment/create')
#13 D:\phpnow\htdocs\dlfblog\framework\base\CApplication.php(162): CWebApplication->processRequest()
#14 D:\phpnow\htdocs\dlfblog\dlf-admin.php(13): CApplication->run()
#15 {main}
REQUEST_URI=/dlfblog/dlf-admin.php/comment/create
HTTP_REFERER=http://localhost/dlfblog/dlf-admin.php/comment/admin
---
2012/09/26 05:54:02 [error] [php] include(zh_cn.php) [<a href='function.include'>function.include</a>]: failed to open stream: No such file or directory (D:\phpnow\htdocs\dlfblog\framework\YiiBase.php:423)
Stack trace:
#0 unknown(0): spl_autoload_call()
#1 D:\phpnow\htdocs\dlfblog\framework\i18n\CPhpMessageSource.php(97): ReflectionClass->__construct()
#2 D:\phpnow\htdocs\dlfblog\framework\i18n\CPhpMessageSource.php(114): CPhpMessageSource->getMessageFile()
#3 D:\phpnow\htdocs\dlfblog\framework\i18n\CMessageSource.php(104): CPhpMessageSource->loadMessages()
#4 D:\phpnow\htdocs\dlfblog\framework\i18n\CMessageSource.php(86): CPhpMessageSource->translateMessage()
#5 D:\phpnow\htdocs\dlfblog\framework\YiiBase.php(580): CPhpMessageSource->translate()
#6 D:\phpnow\htdocs\dlfblog\protected\admin\views\setting\update.php(3): t()
#7 D:\phpnow\htdocs\dlfblog\framework\web\CBaseController.php(127): require()
#8 D:\phpnow\htdocs\dlfblog\framework\web\CBaseController.php(96): SettingController->renderInternal()
#9 D:\phpnow\htdocs\dlfblog\framework\web\CController.php(870): SettingController->renderFile()
#10 D:\phpnow\htdocs\dlfblog\framework\web\CController.php(783): SettingController->renderPartial()
#11 D:\phpnow\htdocs\dlfblog\protected\admin\controllers\SettingController.php(55): SettingController->render()
#12 D:\phpnow\htdocs\dlfblog\framework\web\actions\CInlineAction.php(50): SettingController->actionUpdate()
#13 D:\phpnow\htdocs\dlfblog\framework\web\CController.php(309): CInlineAction->runWithParams()
#14 D:\phpnow\htdocs\dlfblog\framework\web\filters\CFilterChain.php(134): SettingController->runAction()
#15 D:\phpnow\htdocs\dlfblog\framework\web\filters\CFilter.php(41): CFilterChain->run()
#16 D:\phpnow\htdocs\dlfblog\framework\web\CController.php(1146): CAccessControlFilter->filter()
#17 D:\phpnow\htdocs\dlfblog\framework\web\filters\CInlineFilter.php(59): SettingController->filterAccessControl()
#18 D:\phpnow\htdocs\dlfblog\framework\web\filters\CFilterChain.php(131): CInlineFilter->filter()
#19 D:\phpnow\htdocs\dlfblog\framework\web\CController.php(292): CFilterChain->run()
#20 D:\phpnow\htdocs\dlfblog\framework\web\CController.php(266): SettingController->runActionWithFilters()
#21 D:\phpnow\htdocs\dlfblog\framework\web\CWebApplication.php(283): SettingController->run()
#22 D:\phpnow\htdocs\dlfblog\framework\web\CWebApplication.php(142): CWebApplication->runController()
#23 D:\phpnow\htdocs\dlfblog\framework\base\CApplication.php(162): CWebApplication->processRequest()
#24 D:\phpnow\htdocs\dlfblog\dlf-admin.php(13): CWebApplication->run()
REQUEST_URI=/dlfblog/dlf-admin.php/setting/update
2012/09/26 05:54:22 [error] [php] include(zh_cn.php) [<a href='function.include'>function.include</a>]: failed to open stream: No such file or directory (D:\phpnow\htdocs\dlfblog\framework\YiiBase.php:423)
Stack trace:
#0 unknown(0): spl_autoload_call()
#1 D:\phpnow\htdocs\dlfblog\framework\i18n\CPhpMessageSource.php(97): ReflectionClass->__construct()
#2 D:\phpnow\htdocs\dlfblog\framework\i18n\CPhpMessageSource.php(114): CPhpMessageSource->getMessageFile()
#3 D:\phpnow\htdocs\dlfblog\framework\i18n\CMessageSource.php(104): CPhpMessageSource->loadMessages()
#4 D:\phpnow\htdocs\dlfblog\framework\i18n\CMessageSource.php(86): CPhpMessageSource->translateMessage()
#5 D:\phpnow\htdocs\dlfblog\framework\YiiBase.php(580): CPhpMessageSource->translate()
#6 D:\phpnow\htdocs\dlfblog\protected\admin\views\setting\update.php(3): t()
#7 D:\phpnow\htdocs\dlfblog\framework\web\CBaseController.php(127): require()
#8 D:\phpnow\htdocs\dlfblog\framework\web\CBaseController.php(96): SettingController->renderInternal()
#9 D:\phpnow\htdocs\dlfblog\framework\web\CController.php(870): SettingController->renderFile()
#10 D:\phpnow\htdocs\dlfblog\framework\web\CController.php(783): SettingController->renderPartial()
#11 D:\phpnow\htdocs\dlfblog\protected\admin\controllers\SettingController.php(55): SettingController->render()
#12 D:\phpnow\htdocs\dlfblog\framework\web\actions\CInlineAction.php(50): SettingController->actionUpdate()
#13 D:\phpnow\htdocs\dlfblog\framework\web\CController.php(309): CInlineAction->runWithParams()
#14 D:\phpnow\htdocs\dlfblog\framework\web\filters\CFilterChain.php(134): SettingController->runAction()
#15 D:\phpnow\htdocs\dlfblog\framework\web\filters\CFilter.php(41): CFilterChain->run()
#16 D:\phpnow\htdocs\dlfblog\framework\web\CController.php(1146): CAccessControlFilter->filter()
#17 D:\phpnow\htdocs\dlfblog\framework\web\filters\CInlineFilter.php(59): SettingController->filterAccessControl()
#18 D:\phpnow\htdocs\dlfblog\framework\web\filters\CFilterChain.php(131): CInlineFilter->filter()
#19 D:\phpnow\htdocs\dlfblog\framework\web\CController.php(292): CFilterChain->run()
#20 D:\phpnow\htdocs\dlfblog\framework\web\CController.php(266): SettingController->runActionWithFilters()
#21 D:\phpnow\htdocs\dlfblog\framework\web\CWebApplication.php(283): SettingController->run()
#22 D:\phpnow\htdocs\dlfblog\framework\web\CWebApplication.php(142): CWebApplication->runController()
#23 D:\phpnow\htdocs\dlfblog\framework\base\CApplication.php(162): CWebApplication->processRequest()
#24 D:\phpnow\htdocs\dlfblog\dlf-admin.php(13): CWebApplication->run()
REQUEST_URI=/dlfblog/dlf-admin.php/setting/update
2012/09/26 05:55:08 [error] [php] include(zh_cn.php) [<a href='function.include'>function.include</a>]: failed to open stream: No such file or directory (D:\phpnow\htdocs\dlfblog\framework\YiiBase.php:423)
Stack trace:
#0 unknown(0): spl_autoload_call()
#1 D:\phpnow\htdocs\dlfblog\framework\i18n\CPhpMessageSource.php(97): ReflectionClass->__construct()
#2 D:\phpnow\htdocs\dlfblog\framework\i18n\CPhpMessageSource.php(114): CPhpMessageSource->getMessageFile()
#3 D:\phpnow\htdocs\dlfblog\framework\i18n\CMessageSource.php(104): CPhpMessageSource->loadMessages()
#4 D:\phpnow\htdocs\dlfblog\framework\i18n\CMessageSource.php(86): CPhpMessageSource->translateMessage()
#5 D:\phpnow\htdocs\dlfblog\framework\YiiBase.php(580): CPhpMessageSource->translate()
#6 D:\phpnow\htdocs\dlfblog\protected\admin\views\setting\update.php(3): t()
#7 D:\phpnow\htdocs\dlfblog\framework\web\CBaseController.php(127): require()
#8 D:\phpnow\htdocs\dlfblog\framework\web\CBaseController.php(96): SettingController->renderInternal()
#9 D:\phpnow\htdocs\dlfblog\framework\web\CController.php(870): SettingController->renderFile()
#10 D:\phpnow\htdocs\dlfblog\framework\web\CController.php(783): SettingController->renderPartial()
#11 D:\phpnow\htdocs\dlfblog\protected\admin\controllers\SettingController.php(55): SettingController->render()
#12 D:\phpnow\htdocs\dlfblog\framework\web\actions\CInlineAction.php(50): SettingController->actionUpdate()
#13 D:\phpnow\htdocs\dlfblog\framework\web\CController.php(309): CInlineAction->runWithParams()
#14 D:\phpnow\htdocs\dlfblog\framework\web\filters\CFilterChain.php(134): SettingController->runAction()
#15 D:\phpnow\htdocs\dlfblog\framework\web\filters\CFilter.php(41): CFilterChain->run()
#16 D:\phpnow\htdocs\dlfblog\framework\web\CController.php(1146): CAccessControlFilter->filter()
#17 D:\phpnow\htdocs\dlfblog\framework\web\filters\CInlineFilter.php(59): SettingController->filterAccessControl()
#18 D:\phpnow\htdocs\dlfblog\framework\web\filters\CFilterChain.php(131): CInlineFilter->filter()
#19 D:\phpnow\htdocs\dlfblog\framework\web\CController.php(292): CFilterChain->run()
#20 D:\phpnow\htdocs\dlfblog\framework\web\CController.php(266): SettingController->runActionWithFilters()
#21 D:\phpnow\htdocs\dlfblog\framework\web\CWebApplication.php(283): SettingController->run()
#22 D:\phpnow\htdocs\dlfblog\framework\web\CWebApplication.php(142): CWebApplication->runController()
#23 D:\phpnow\htdocs\dlfblog\framework\base\CApplication.php(162): CWebApplication->processRequest()
#24 D:\phpnow\htdocs\dlfblog\dlf-admin.php(13): CWebApplication->run()
REQUEST_URI=/dlfblog/dlf-admin.php/setting/update
2012/09/26 05:57:52 [error] [php] Undefined variable: category (D:\phpnow\htdocs\dlfblog\protected\admin\views\setting\update.php:6)
Stack trace:
#0 D:\phpnow\htdocs\dlfblog\framework\web\CController.php(870): SettingController->renderFile()
#1 D:\phpnow\htdocs\dlfblog\framework\web\CController.php(783): SettingController->renderPartial()
#2 D:\phpnow\htdocs\dlfblog\protected\admin\controllers\SettingController.php(55): SettingController->render()
#3 D:\phpnow\htdocs\dlfblog\framework\web\actions\CInlineAction.php(50): SettingController->actionUpdate()
#4 D:\phpnow\htdocs\dlfblog\framework\web\CController.php(309): CInlineAction->runWithParams()
#5 D:\phpnow\htdocs\dlfblog\framework\web\filters\CFilterChain.php(134): SettingController->runAction()
#6 D:\phpnow\htdocs\dlfblog\framework\web\filters\CFilter.php(41): CFilterChain->run()
#7 D:\phpnow\htdocs\dlfblog\framework\web\CController.php(1146): CAccessControlFilter->filter()
#8 D:\phpnow\htdocs\dlfblog\framework\web\filters\CInlineFilter.php(59): SettingController->filterAccessControl()
#9 D:\phpnow\htdocs\dlfblog\framework\web\filters\CFilterChain.php(131): CInlineFilter->filter()
#10 D:\phpnow\htdocs\dlfblog\framework\web\CController.php(292): CFilterChain->run()
#11 D:\phpnow\htdocs\dlfblog\framework\web\CController.php(266): SettingController->runActionWithFilters()
#12 D:\phpnow\htdocs\dlfblog\framework\web\CWebApplication.php(283): SettingController->run()
#13 D:\phpnow\htdocs\dlfblog\framework\web\CWebApplication.php(142): CWebApplication->runController()
#14 D:\phpnow\htdocs\dlfblog\framework\base\CApplication.php(162): CWebApplication->processRequest()
#15 D:\phpnow\htdocs\dlfblog\dlf-admin.php(13): CWebApplication->run()
REQUEST_URI=/dlfblog/dlf-admin.php/setting/update
2012/09/26 06:01:30 [error] [php] Undefined variable: breadcrumbs (D:\phpnow\htdocs\dlfblog\protected\admin\components\Controller.php:36)
Stack trace:
#0 D:\phpnow\htdocs\dlfblog\framework\base\CApplication.php(162): CWebApplication->processRequest()
#1 D:\phpnow\htdocs\dlfblog\dlf-admin.php(13): CWebApplication->run()
REQUEST_URI=/dlfblog/dlf-admin.php/user/admin
2012/09/26 06:01:34 [error] [php] Undefined variable: breadcrumbs (D:\phpnow\htdocs\dlfblog\protected\admin\components\Controller.php:36)
Stack trace:
#0 D:\phpnow\htdocs\dlfblog\framework\base\CApplication.php(162): CWebApplication->processRequest()
#1 D:\phpnow\htdocs\dlfblog\dlf-admin.php(13): CWebApplication->run()
REQUEST_URI=/dlfblog/dlf-admin.php/category/admin
